<?xml version="1.0" encoding="UTF-8"?>
<testsuite name="testproject.CalculatorTest" tests="2" skipped="0" failures="0" errors="0" timestamp="2024-12-18T13:58:22" hostname="EBAKA" time="0.004">
  <properties/>
  <testcase name="testSum()" classname="testproject.CalculatorTest" time="0.002"/>
  <testcase name="testSubtract()" classname="testproject.CalculatorTest" time="0.0"/>
  <system-out><![CDATA[]]></system-out>
  <system-err><![CDATA[]]></system-err>
</testsuite>
