<?xml version="1.0" encoding="UTF-8"?>
<testsuite name="testproject.AggregatorTest" tests="3" skipped="0" failures="0" errors="0" timestamp="2024-12-18T13:58:22" hostname="EBAKA" time="0.088">
  <properties/>
  <testcase name="testInitialState()" classname="testproject.AggregatorTest" time="0.08"/>
  <testcase name="testMultipleAdditions()" classname="testproject.AggregatorTest" time="0.002"/>
  <testcase name="testSingleAddition()" classname="testproject.AggregatorTest" time="0.001"/>
  <system-out><![CDATA[]]></system-out>
  <system-err><![CDATA[]]></system-err>
</testsuite>
